TN:
SF:script/DeployAquaDAO.s.sol
DA:12,19
FN:12,DeployAquaDAO.run
FNDA:19,DeployAquaDAO.run
DA:13,19
DA:15,19
DA:18,19
DA:21,19
DA:23,19
DA:26,19
DA:27,19
DA:28,19
DA:29,19
DA:30,19
DA:31,19
DA:32,19
DA:33,19
DA:36,19
BRDA:36,0,0,19
DA:37,19
BRDA:37,1,0,-
DA:38,0
DA:40,0
BRDA:40,0,1,-
DA:42,0
DA:45,19
DA:48,0
FN:48,DeployAquaDAO._writeDeploymentSummaryToJson
FNDA:0,DeployAquaDAO._writeDeploymentSummaryToJson
DA:50,0
BRDA:50,2,0,-
DA:51,0
DA:52,0
DA:56,0
DA:59,0
DA:60,0
DA:61,0
DA:62,0
DA:63,0
DA:64,0
DA:65,0
DA:68,0
DA:69,0
FNF:2
FNH:1
LF:34
LH:17
BRF:4
BRH:1
end_of_record
TN:
SF:src/AquaDAO.sol
DA:59,19
FN:59,AquaDAO.constructor
FNDA:19,AquaDAO.constructor
DA:61,19
DA:63,19
DA:72,4
FN:72,AquaDAO.onlyExistingProposal
FNDA:4,AquaDAO.onlyExistingProposal
DA:73,4
BRDA:73,0,0,-
DA:74,0
DA:83,5
FN:83,AquaDAO.onlyOwnerCanExecute
FNDA:5,AquaDAO.onlyOwnerCanExecute
DA:84,5
DA:85,5
BRDA:85,1,0,1
DA:86,1
DA:98,11
FN:98,AquaDAO.createProposal
FNDA:11,AquaDAO.createProposal
DA:99,11
DA:102,11
DA:103,11
DA:104,11
DA:105,11
DA:106,11
DA:107,11
DA:108,11
DA:111,11
DA:114,11
DA:122,37
FN:122,AquaDAO.vote
FNDA:37,AquaDAO.vote
DA:124,36
DA:126,36
BRDA:126,2,0,1
DA:127,1
DA:130,1
BRDA:130,3,0,1
DA:131,1
DA:135,34
DA:136,24
BRDA:136,4,0,24
BRDA:136,4,1,10
DA:137,24
DA:139,10
DA:143,34
DA:150,6
FN:150,AquaDAO.executeTheProposal
FNDA:6,AquaDAO.executeTheProposal
DA:156,4
DA:158,1
BRDA:158,5,0,1
DA:159,1
DA:163,3
DA:165,3
BRDA:165,6,0,3
DA:166,3
DA:170,3
DA:179,4
FN:179,AquaDAO.getProposalDetail
FNDA:4,AquaDAO.getProposalDetail
DA:185,4
DA:186,4
DA:198,2
FN:198,AquaDAO.getIsHasVoted
FNDA:2,AquaDAO.getIsHasVoted
DA:204,2
DA:211,1
FN:211,AquaDAO.getIsProposalHasPassed
FNDA:1,AquaDAO.getIsProposalHasPassed
DA:217,1
DA:224,2
FN:224,AquaDAO.getTotalProposalsCount
FNDA:2,AquaDAO.getTotalProposalsCount
DA:225,2
DA:231,2
FN:231,AquaDAO.getActiveProposals
FNDA:2,AquaDAO.getActiveProposals
DA:232,2
DA:238,2
FN:238,AquaDAO.getExecutedProposals
FNDA:2,AquaDAO.getExecutedProposals
DA:239,2
DA:245,2
FN:245,AquaDAO.getFailedProposals
FNDA:2,AquaDAO.getFailedProposals
DA:246,2
DA:254,2
FN:254,AquaDAO._getActiveProposals
FNDA:2,AquaDAO._getActiveProposals
DA:256,2
DA:257,2
DA:258,2
BRDA:258,7,0,1
DA:259,1
DA:264,2
DA:265,2
DA:267,2
DA:268,2
BRDA:268,8,0,1
DA:269,1
DA:279,1
DA:282,2
DA:288,2
FN:288,AquaDAO._getExecutedProposals
FNDA:2,AquaDAO._getExecutedProposals
DA:290,2
DA:291,2
DA:292,1
BRDA:292,9,0,1
DA:293,1
DA:298,2
DA:299,2
DA:301,2
DA:302,1
BRDA:302,10,0,1
DA:303,1
DA:313,1
DA:316,2
DA:322,2
FN:322,AquaDAO._getFailedProposals
FNDA:2,AquaDAO._getFailedProposals
DA:324,2
DA:325,2
DA:326,2
BRDA:326,11,0,-
DA:327,0
DA:332,2
DA:333,2
DA:335,2
DA:336,2
BRDA:336,12,0,-
DA:337,0
DA:347,0
DA:350,2
FNF:16
FNH:16
LF:91
LH:87
BRF:14
BRH:11
end_of_record
TN:
SF:src/AquaDAOTreasury.sol
DA:31,1039
FN:31,AquaDAOTreasury.sendETH
FNDA:1039,AquaDAOTreasury.sendETH
DA:32,779
BRDA:32,0,0,260
DA:33,519
DA:34,519
BRDA:34,1,0,260
DA:36,259
FNF:1
FNH:1
LF:5
LH:5
BRF:2
BRH:2
end_of_record
TN:
SF:src/AquaGovToken.sol
DA:23,24
FN:23,AquaGovToken.constructor
FNDA:24,AquaGovToken.constructor
DA:25,24
DA:34,1039
FN:34,AquaGovToken.mint
FNDA:1039,AquaGovToken.mint
DA:36,1039
DA:38,1039
BRDA:38,0,0,-
DA:39,0
DA:42,1039
DA:45,1039
DA:46,1039
BRDA:46,1,0,-
DA:47,0
DA:57,1039
FN:57,AquaGovToken.getMintPrice
FNDA:1039,AquaGovToken.getMintPrice
DA:58,1039
FNF:3
FNH:3
LF:12
LH:10
BRF:2
BRH:0
end_of_record
